INFO: latexindent version 3.7.1, 2019-09-07, a script to indent .tex files
      latexindent lives here: /usr/share/texlive/texmf-dist/scripts/latexindent/
      Sat May 28 00:18:25 2022
      Filename: /home/tttienthinh/Documents/Programmation/4Tipe/Presentation/Beamer/sections/__latexindent_temp.tex
INFO: Processing switches:
      -y|--yaml: YAML settings specified via command line
      -c|--cruft: cruft directory
INFO: Directory for backup files and /home/tttienthinh/Documents/Programmation/4Tipe/Presentation/Beamer/indent.log: /home/tttienthinh/Documents/Programmation/4Tipe/Presentation/Beamer/
INFO: YAML settings read: defaultSettings.yaml
      Reading defaultSettings.yaml from /usr/share/texlive/texmf-dist/scripts/latexindent/defaultSettings.yaml
INFO: YAML settings read: indentconfig.yaml or .indentconfig.yaml
      Home directory is /home/tttienthinh (didn't find either indentconfig.yaml or .indentconfig.yaml)
      To specify user settings you would put indentconfig.yaml here: /home/tttienthinh/indentconfig.yaml
      Alternatively, you can use the hidden file .indentconfig.yaml as: /home/tttienthinh/.indentconfig.yaml
INFO: YAML settings read: -y switch
      Updating masterSettings with defaultIndent: 	
INFO: Phase 1: searching for objects
INFO: Phase 2: finding surrounding indentation
INFO: Phase 3: indenting objects
INFO: Phase 4: final indentation check
INFO: Output routine:
      Not outputting to file; see -w and -o switches for more options.
      --------------
INFO: Please direct all communication/issues to:
      https://github.com/cmhughes/latexindent.pl
