This is pdfTeX, Version 3.14159265-2.6-1.40.20 (TeX Live 2019/Debian) (preloaded format=pdflatex 2022.3.23)  27 MAY 2022 23:24
entering extended mode
 restricted \write18 enabled.
 file:line:error style messages enabled.
 %&-line parsing enabled.
**/home/tttienthinh/Documents/Programmation/4Tipe/Presentation/Beamer/Presentation.tex
(/home/tttienthinh/Documents/Programmation/4Tipe/Presentation/Beamer/Presentation.tex
LaTeX2e <2020-02-02> patch level 2
L3 programming layer <2020-02-14> (/usr/share/texlive/texmf-dist/tex/latex/beamer/beamer.cls
Document Class: beamer 2019/09/29 v3.57 A class for typesetting presentations
(/usr/share/texlive/texmf-dist/tex/latex/beamer/beamerbasemodes.sty (/usr/share/texlive/texmf-dist/tex/latex/etoolbox/etoolbox.sty
Package: etoolbox 2019/09/21 v2.5h e-TeX tools for LaTeX (JAW)
\etb@tempcnta=\count167
)
\beamer@tempbox=\box45
\beamer@tempcount=\count168
\c@beamerpauses=\count169
 (/usr/share/texlive/texmf-dist/tex/latex/beamer/beamerbasedecode.sty
\beamer@slideinframe=\count170
\beamer@minimum=\count171
\beamer@decode@box=\box46
)
\beamer@commentbox=\box47
\beamer@modecount=\count172
) (/usr/share/texlive/texmf-dist/tex/generic/iftex/ifpdf.sty
Package: ifpdf 2019/10/25 v3.4 ifpdf legacy package. Use iftex instead.
 (/usr/share/texlive/texmf-dist/tex/generic/iftex/iftex.sty
Package: iftex 2019/11/07 v1.0c TeX engine tests
))
\headdp=\dimen134
\footheight=\dimen135
\sidebarheight=\dimen136
\beamer@tempdim=\dimen137
\beamer@finalheight=\dimen138
\beamer@animht=\dimen139
\beamer@animdp=\dimen140
\beamer@animwd=\dimen141
\beamer@leftmargin=\dimen142
\beamer@rightmargin=\dimen143
\beamer@leftsidebar=\dimen144
\beamer@rightsidebar=\dimen145
\beamer@boxsize=\dimen146
\beamer@vboxoffset=\dimen147
\beamer@descdefault=\dimen148
\beamer@descriptionwidth=\dimen149
\beamer@lastskip=\skip47
\beamer@areabox=\box48
\beamer@animcurrent=\box49
\beamer@animshowbox=\box50
\beamer@sectionbox=\box51
\beamer@logobox=\box52
\beamer@linebox=\box53
\beamer@sectioncount=\count173
\beamer@subsubsectionmax=\count174
\beamer@subsectionmax=\count175
\beamer@sectionmax=\count176
\beamer@totalheads=\count177
\beamer@headcounter=\count178
\beamer@partstartpage=\count179
\beamer@sectionstartpage=\count180
\beamer@subsectionstartpage=\count181
\beamer@animationtempa=\count182
\beamer@animationtempb=\count183
\beamer@xpos=\count184
\beamer@ypos=\count185
\beamer@ypos@offset=\count186
\beamer@showpartnumber=\count187
\beamer@currentsubsection=\count188
\beamer@coveringdepth=\count189
\beamer@sectionadjust=\count190
\beamer@tocsectionnumber=\count191
 (/usr/share/texlive/texmf-dist/tex/latex/beamer/beamerbaseoptions.sty (/usr/share/texlive/texmf-dist/tex/latex/graphics/keyval.sty
Package: keyval 2014/10/28 v1.15 key=value parser (DPC)
\KV@toks@=\toks14
))
\beamer@paperwidth=\skip48
\beamer@paperheight=\skip49
 (/usr/share/texlive/texmf-dist/tex/latex/geometry/geometry.sty
Package: geometry 2020/01/02 v5.9 Page Geometry
 (/usr/share/texlive/texmf-dist/tex/generic/iftex/ifvtex.sty
Package: ifvtex 2019/10/25 v1.7 ifvtex legacy package. Use iftex instead.
)
\Gm@cnth=\count192
\Gm@cntv=\count193
\c@Gm@tempcnt=\count194
\Gm@bindingoffset=\dimen150
\Gm@wd@mp=\dimen151
\Gm@odd@mp=\dimen152
\Gm@even@mp=\dimen153
\Gm@layoutwidth=\dimen154
\Gm@layoutheight=\dimen155
\Gm@layouthoffset=\dimen156
\Gm@layoutvoffset=\dimen157
\Gm@dimlist=\toks15
) (/usr/share/texlive/texmf-dist/tex/latex/base/size10.clo
File: size10.clo 2019/12/20 v1.4l Standard LaTeX file (size option)
) (/usr/share/texlive/texmf-dist/tex/latex/pgf/basiclayer/pgfcore.sty (/usr/share/texlive/texmf-dist/tex/latex/graphics/graphicx.sty
Package: graphicx 2019/11/30 v1.2a Enhanced LaTeX Graphics (DPC,SPQR)
 (/usr/share/texlive/texmf-dist/tex/latex/graphics/graphics.sty
Package: graphics 2019/11/30 v1.4a Standard LaTeX Graphics (DPC,SPQR)
 (/usr/share/texlive/texmf-dist/tex/latex/graphics/trig.sty
Package: trig 2016/01/03 v1.10 sin cos tan (DPC)
) (/usr/share/texlive/texmf-dist/tex/latex/graphics-cfg/graphics.cfg
File: graphics.cfg 2016/06/04 v1.11 sample graphics configuration
)
Package graphics Info: Driver file: pdftex.def on input line 105.
 (/usr/share/texlive/texmf-dist/tex/latex/graphics-def/pdftex.def
File: pdftex.def 2018/01/08 v1.0l Graphics/color driver for pdftex
))
\Gin@req@height=\dimen158
\Gin@req@width=\dimen159
) (/usr/share/texlive/texmf-dist/tex/latex/pgf/systemlayer/pgfsys.sty (/usr/share/texlive/texmf-dist/tex/latex/pgf/utilities/pgfrcs.sty (/usr/share/texlive/texmf-dist/tex/generic/pgf/utilities/pgfutil-common.tex
\pgfutil@everybye=\toks16
\pgfutil@tempdima=\dimen160
\pgfutil@tempdimb=\dimen161
 (/usr/share/texlive/texmf-dist/tex/generic/pgf/utilities/pgfutil-common-lists.tex)) (/usr/share/texlive/texmf-dist/tex/generic/pgf/utilities/pgfutil-latex.def
\pgfutil@abb=\box54
 (/usr/share/texlive/texmf-dist/tex/latex/ms/everyshi.sty
Package: everyshi 2001/05/15 v3.00 EveryShipout Package (MS)
)) (/usr/share/texlive/texmf-dist/tex/generic/pgf/utilities/pgfrcs.code.tex (/usr/share/texlive/texmf-dist/tex/generic/pgf/pgf.revision.tex)
Package: pgfrcs 2020/01/08 v3.1.5b (3.1.5b)
)) (/usr/share/texlive/texmf-dist/tex/generic/pgf/systemlayer/pgfsys.code.tex
Package: pgfsys 2020/01/08 v3.1.5b (3.1.5b)
 (/usr/share/texlive/texmf-dist/tex/generic/pgf/utilities/pgfkeys.code.tex
\pgfkeys@pathtoks=\toks17
\pgfkeys@temptoks=\toks18
 (/usr/share/texlive/texmf-dist/tex/generic/pgf/utilities/pgfkeysfiltered.code.tex
\pgfkeys@tmptoks=\toks19
))
\pgf@x=\dimen162
\pgf@y=\dimen163
\pgf@xa=\dimen164
\pgf@ya=\dimen165
\pgf@xb=\dimen166
\pgf@yb=\dimen167
\pgf@xc=\dimen168
\pgf@yc=\dimen169
\pgf@xd=\dimen170
\pgf@yd=\dimen171
\w@pgf@writea=\write3
\r@pgf@reada=\read2
\c@pgf@counta=\count195
\c@pgf@countb=\count196
\c@pgf@countc=\count197
\c@pgf@countd=\count198
\t@pgf@toka=\toks20
\t@pgf@tokb=\toks21
\t@pgf@tokc=\toks22
\pgf@sys@id@count=\count199
 (/usr/share/texlive/texmf-dist/tex/generic/pgf/systemlayer/pgf.cfg
File: pgf.cfg 2020/01/08 v3.1.5b (3.1.5b)
)
Driver file for pgf: pgfsys-pdftex.def
 (/usr/share/texlive/texmf-dist/tex/generic/pgf/systemlayer/pgfsys-pdftex.def
File: pgfsys-pdftex.def 2020/01/08 v3.1.5b (3.1.5b)
 (/usr/share/texlive/texmf-dist/tex/generic/pgf/systemlayer/pgfsys-common-pdf.def
File: pgfsys-common-pdf.def 2020/01/08 v3.1.5b (3.1.5b)
))) (/usr/share/texlive/texmf-dist/tex/generic/pgf/systemlayer/pgfsyssoftpath.code.tex
File: pgfsyssoftpath.code.tex 2020/01/08 v3.1.5b (3.1.5b)
\pgfsyssoftpath@smallbuffer@items=\count266
\pgfsyssoftpath@bigbuffer@items=\count267
) (/usr/share/texlive/texmf-dist/tex/generic/pgf/systemlayer/pgfsysprotocol.code.tex
File: pgfsysprotocol.code.tex 2020/01/08 v3.1.5b (3.1.5b)
)) (/usr/share/texlive/texmf-dist/tex/latex/xcolor/xcolor.sty
Package: xcolor 2016/05/11 v2.12 LaTeX color extensions (UK)
 (/usr/share/texlive/texmf-dist/tex/latex/graphics-cfg/color.cfg
File: color.cfg 2016/01/02 v1.6 sample color configuration
)
Package xcolor Info: Driver file: pdftex.def on input line 225.
Package xcolor Info: Model `cmy' substituted by `cmy0' on input line 1348.
Package xcolor Info: Model `hsb' substituted by `rgb' on input line 1352.
Package xcolor Info: Model `RGB' extended on input line 1364.
Package xcolor Info: Model `HTML' substituted by `rgb' on input line 1366.
Package xcolor Info: Model `Hsb' substituted by `hsb' on input line 1367.
Package xcolor Info: Model `tHsb' substituted by `hsb' on input line 1368.
Package xcolor Info: Model `HSB' substituted by `hsb' on input line 1369.
Package xcolor Info: Model `Gray' substituted by `gray' on input line 1370.
Package xcolor Info: Model `wave' substituted by `hsb' on input line 1371.
) (/usr/share/texlive/texmf-dist/tex/generic/pgf/basiclayer/pgfcore.code.tex
Package: pgfcore 2020/01/08 v3.1.5b (3.1.5b)
 (/usr/share/texlive/texmf-dist/tex/generic/pgf/math/pgfmath.code.tex (/usr/share/texlive/texmf-dist/tex/generic/pgf/math/pgfmathcalc.code.tex (/usr/share/texlive/texmf-dist/tex/generic/pgf/math/pgfmathutil.code.tex) (/usr/share/texlive/texmf-dist/tex/generic/pgf/math/pgfmathparser.code.tex
\pgfmath@dimen=\dimen172
\pgfmath@count=\count268
\pgfmath@box=\box55
\pgfmath@toks=\toks23
\pgfmath@stack@operand=\toks24
\pgfmath@stack@operation=\toks25
) (/usr/share/texlive/texmf-dist/tex/generic/pgf/math/pgfmathfunctions.code.tex (/usr/share/texlive/texmf-dist/tex/generic/pgf/math/pgfmathfunctions.basic.code.tex) (/usr/share/texlive/texmf-dist/tex/generic/pgf/math/pgfmathfunctions.trigonometric.code.tex) (/usr/share/texlive/texmf-dist/tex/generic/pgf/math/pgfmathfunctions.random.code.tex) (/usr/share/texlive/texmf-dist/tex/generic/pgf/math/pgfmathfunctions.comparison.code.tex) (/usr/share/texlive/texmf-dist/tex/generic/pgf/math/pgfmathfunctions.base.code.tex) (/usr/share/texlive/texmf-dist/tex/generic/pgf/math/pgfmathfunctions.round.code.tex) (/usr/share/texlive/texmf-dist/tex/generic/pgf/math/pgfmathfunctions.misc.code.tex) (/usr/share/texlive/texmf-dist/tex/generic/pgf/math/pgfmathfunctions.integerarithmetics.code.tex))) (/usr/share/texlive/texmf-dist/tex/generic/pgf/math/pgfmathfloat.code.tex
\c@pgfmathroundto@lastzeros=\count269
)) (/usr/share/texlive/texmf-dist/tex/generic/pgf/math/pgfint.code.tex) (/usr/share/texlive/texmf-dist/tex/generic/pgf/basiclayer/pgfcorepoints.code.tex
File: pgfcorepoints.code.tex 2020/01/08 v3.1.5b (3.1.5b)
\pgf@picminx=\dimen173
\pgf@picmaxx=\dimen174
\pgf@picminy=\dimen175
\pgf@picmaxy=\dimen176
\pgf@pathminx=\dimen177
\pgf@pathmaxx=\dimen178
\pgf@pathminy=\dimen179
\pgf@pathmaxy=\dimen180
\pgf@xx=\dimen181
\pgf@xy=\dimen182
\pgf@yx=\dimen183
\pgf@yy=\dimen184
\pgf@zx=\dimen185
\pgf@zy=\dimen186
) (/usr/share/texlive/texmf-dist/tex/generic/pgf/basiclayer/pgfcorepathconstruct.code.tex
File: pgfcorepathconstruct.code.tex 2020/01/08 v3.1.5b (3.1.5b)
\pgf@path@lastx=\dimen187
\pgf@path@lasty=\dimen188
) (/usr/share/texlive/texmf-dist/tex/generic/pgf/basiclayer/pgfcorepathusage.code.tex
File: pgfcorepathusage.code.tex 2020/01/08 v3.1.5b (3.1.5b)
\pgf@shorten@end@additional=\dimen189
\pgf@shorten@start@additional=\dimen190
) (/usr/share/texlive/texmf-dist/tex/generic/pgf/basiclayer/pgfcorescopes.code.tex
File: pgfcorescopes.code.tex 2020/01/08 v3.1.5b (3.1.5b)
\pgfpic=\box56
\pgf@hbox=\box57
\pgf@layerbox@main=\box58
\pgf@picture@serial@count=\count270
) (/usr/share/texlive/texmf-dist/tex/generic/pgf/basiclayer/pgfcoregraphicstate.code.tex
File: pgfcoregraphicstate.code.tex 2020/01/08 v3.1.5b (3.1.5b)
\pgflinewidth=\dimen191
) (/usr/share/texlive/texmf-dist/tex/generic/pgf/basiclayer/pgfcoretransformations.code.tex
File: pgfcoretransformations.code.tex 2020/01/08 v3.1.5b (3.1.5b)
\pgf@pt@x=\dimen192
\pgf@pt@y=\dimen193
\pgf@pt@temp=\dimen194
) (/usr/share/texlive/texmf-dist/tex/generic/pgf/basiclayer/pgfcorequick.code.tex
File: pgfcorequick.code.tex 2020/01/08 v3.1.5b (3.1.5b)
) (/usr/share/texlive/texmf-dist/tex/generic/pgf/basiclayer/pgfcoreobjects.code.tex
File: pgfcoreobjects.code.tex 2020/01/08 v3.1.5b (3.1.5b)
) (/usr/share/texlive/texmf-dist/tex/generic/pgf/basiclayer/pgfcorepathprocessing.code.tex
File: pgfcorepathprocessing.code.tex 2020/01/08 v3.1.5b (3.1.5b)
) (/usr/share/texlive/texmf-dist/tex/generic/pgf/basiclayer/pgfcorearrows.code.tex
File: pgfcorearrows.code.tex 2020/01/08 v3.1.5b (3.1.5b)
\pgfarrowsep=\dimen195
) (/usr/share/texlive/texmf-dist/tex/generic/pgf/basiclayer/pgfcoreshade.code.tex
File: pgfcoreshade.code.tex 2020/01/08 v3.1.5b (3.1.5b)
\pgf@max=\dimen196
\pgf@sys@shading@range@num=\count271
\pgf@shadingcount=\count272
) (/usr/share/texlive/texmf-dist/tex/generic/pgf/basiclayer/pgfcoreimage.code.tex
File: pgfcoreimage.code.tex 2020/01/08 v3.1.5b (3.1.5b)
 (/usr/share/texlive/texmf-dist/tex/generic/pgf/basiclayer/pgfcoreexternal.code.tex
File: pgfcoreexternal.code.tex 2020/01/08 v3.1.5b (3.1.5b)
\pgfexternal@startupbox=\box59
)) (/usr/share/texlive/texmf-dist/tex/generic/pgf/basiclayer/pgfcorelayers.code.tex
File: pgfcorelayers.code.tex 2020/01/08 v3.1.5b (3.1.5b)
) (/usr/share/texlive/texmf-dist/tex/generic/pgf/basiclayer/pgfcoretransparency.code.tex
File: pgfcoretransparency.code.tex 2020/01/08 v3.1.5b (3.1.5b)
) (/usr/share/texlive/texmf-dist/tex/generic/pgf/basiclayer/pgfcorepatterns.code.tex
File: pgfcorepatterns.code.tex 2020/01/08 v3.1.5b (3.1.5b)
) (/usr/share/texlive/texmf-dist/tex/generic/pgf/basiclayer/pgfcorerdf.code.tex
File: pgfcorerdf.code.tex 2020/01/08 v3.1.5b (3.1.5b)
))) (/usr/share/texlive/texmf-dist/tex/latex/pgf/utilities/xxcolor.sty
Package: xxcolor 2003/10/24 ver 0.1
\XC@nummixins=\count273
\XC@countmixins=\count274
) (/usr/share/texlive/texmf-dist/tex/generic/atbegshi/atbegshi.sty
Package: atbegshi 2019/12/05 v1.19 At begin shipout hook (HO)
 (/usr/share/texlive/texmf-dist/tex/generic/infwarerr/infwarerr.sty
Package: infwarerr 2019/12/03 v1.5 Providing info/warning/error messages (HO)
) (/usr/share/texlive/texmf-dist/tex/generic/ltxcmds/ltxcmds.sty
Package: ltxcmds 2019/12/15 v1.24 LaTeX kernel commands for general use (HO)
)) (/usr/share/texlive/texmf-dist/tex/latex/hyperref/hyperref.sty
Package: hyperref 2020/01/14 v7.00d Hypertext links for LaTeX
 (/usr/share/texlive/texmf-dist/tex/latex/pdftexcmds/pdftexcmds.sty
Package: pdftexcmds 2019/11/24 v0.31 Utility functions of pdfTeX for LuaTeX (HO)
Package pdftexcmds Info: \pdf@primitive is available.
Package pdftexcmds Info: \pdf@ifprimitive is available.
Package pdftexcmds Info: \pdfdraftmode found.
) (/usr/share/texlive/texmf-dist/tex/generic/kvsetkeys/kvsetkeys.sty
Package: kvsetkeys 2019/12/15 v1.18 Key value parser (HO)
) (/usr/share/texlive/texmf-dist/tex/generic/kvdefinekeys/kvdefinekeys.sty
Package: kvdefinekeys 2019-12-19 v1.6 Define keys (HO)
) (/usr/share/texlive/texmf-dist/tex/generic/pdfescape/pdfescape.sty
Package: pdfescape 2019/12/09 v1.15 Implements pdfTeX's escape features (HO)
) (/usr/share/texlive/texmf-dist/tex/latex/hycolor/hycolor.sty
Package: hycolor 2020-01-27 v1.10 Color options for hyperref/bookmark (HO)
) (/usr/share/texlive/texmf-dist/tex/latex/letltxmacro/letltxmacro.sty
Package: letltxmacro 2019/12/03 v1.6 Let assignment for LaTeX macros (HO)
) (/usr/share/texlive/texmf-dist/tex/latex/auxhook/auxhook.sty
Package: auxhook 2019-12-17 v1.6 Hooks for auxiliary files (HO)
) (/usr/share/texlive/texmf-dist/tex/latex/kvoptions/kvoptions.sty
Package: kvoptions 2019/11/29 v3.13 Key value format for package options (HO)
)
\@linkdim=\dimen197
\Hy@linkcounter=\count275
\Hy@pagecounter=\count276
 (/usr/share/texlive/texmf-dist/tex/latex/hyperref/pd1enc.def
File: pd1enc.def 2020/01/14 v7.00d Hyperref: PDFDocEncoding definition (HO)
Now handling font encoding PD1 ...
... no UTF-8 mapping file for font encoding PD1
) (/usr/share/texlive/texmf-dist/tex/generic/intcalc/intcalc.sty
Package: intcalc 2019/12/15 v1.3 Expandable calculations with integers (HO)
) (/usr/share/texlive/texmf-dist/tex/generic/etexcmds/etexcmds.sty
Package: etexcmds 2019/12/15 v1.7 Avoid name clashes with e-TeX commands (HO)
)
\Hy@SavedSpaceFactor=\count277
\pdfmajorversion=\count278
Package hyperref Info: Option `bookmarks' set `true' on input line 4421.
Package hyperref Info: Option `bookmarksopen' set `true' on input line 4421.
Package hyperref Info: Option `implicit' set `false' on input line 4421.
Package hyperref Info: Hyper figures OFF on input line 4547.
Package hyperref Info: Link nesting OFF on input line 4552.
Package hyperref Info: Hyper index ON on input line 4555.
Package hyperref Info: Plain pages OFF on input line 4562.
Package hyperref Info: Backreferencing OFF on input line 4567.
Package hyperref Info: Implicit mode OFF; no redefinition of LaTeX internals.
Package hyperref Info: Bookmarks ON on input line 4800.
\c@Hy@tempcnt=\count279
 (/usr/share/texlive/texmf-dist/tex/latex/url/url.sty
\Urlmuskip=\muskip16
Package: url 2013/09/16  ver 3.4  Verb mode for urls, etc.
)
LaTeX Info: Redefining \url on input line 5159.
\XeTeXLinkMargin=\dimen198
 (/usr/share/texlive/texmf-dist/tex/generic/bitset/bitset.sty
Package: bitset 2019/12/09 v1.3 Handle bit-vector datatype (HO)
 (/usr/share/texlive/texmf-dist/tex/generic/bigintcalc/bigintcalc.sty
Package: bigintcalc 2019/12/15 v1.5 Expandable calculations on big integers (HO)
))
\Fld@menulength=\count280
\Field@Width=\dimen199
\Fld@charsize=\dimen256
Package hyperref Info: Hyper figures OFF on input line 6430.
Package hyperref Info: Link nesting OFF on input line 6435.
Package hyperref Info: Hyper index ON on input line 6438.
Package hyperref Info: backreferencing OFF on input line 6445.
Package hyperref Info: Link coloring OFF on input line 6450.
Package hyperref Info: Link coloring with OCG OFF on input line 6455.
Package hyperref Info: PDF/A mode OFF on input line 6460.
LaTeX Info: Redefining \ref on input line 6500.
LaTeX Info: Redefining \pageref on input line 6504.
\Hy@abspage=\count281


Package hyperref Message: Stopped early.

)
Package hyperref Info: Driver (autodetected): hpdftex.
 (/usr/share/texlive/texmf-dist/tex/latex/hyperref/hpdftex.def
File: hpdftex.def 2020/01/14 v7.00d Hyperref driver for pdfTeX
 (/usr/share/texlive/texmf-dist/tex/latex/atveryend/atveryend.sty
Package: atveryend 2019-12-11 v1.11 Hooks at the very end of document (HO)
)
\Fld@listcount=\count282
\c@bookmark@seq@number=\count283
 (/usr/share/texlive/texmf-dist/tex/latex/rerunfilecheck/rerunfilecheck.sty
Package: rerunfilecheck 2019/12/05 v1.9 Rerun checks for auxiliary files (HO)
 (/usr/share/texlive/texmf-dist/tex/generic/uniquecounter/uniquecounter.sty
Package: uniquecounter 2019/12/15 v1.4 Provide unlimited unique counter (HO)
)
Package uniquecounter Info: New unique counter `rerunfilecheck' on input line 286.
)) (/usr/share/texlive/texmf-dist/tex/latex/beamer/beamerbaserequires.sty (/usr/share/texlive/texmf-dist/tex/latex/beamer/beamerbasecompatibility.sty) (/usr/share/texlive/texmf-dist/tex/latex/beamer/beamerbasefont.sty (/usr/share/texlive/texmf-dist/tex/latex/amsfonts/amssymb.sty
Package: amssymb 2013/01/14 v3.01 AMS font symbols
 (/usr/share/texlive/texmf-dist/tex/latex/amsfonts/amsfonts.sty
Package: amsfonts 2013/01/14 v3.01 Basic AMSFonts support
\@emptytoks=\toks26
\symAMSa=\mathgroup4
\symAMSb=\mathgroup5
LaTeX Font Info:    Redeclaring math symbol \hbar on input line 98.
LaTeX Font Info:    Overwriting math alphabet `\mathfrak' in version `bold'
(Font)                  U/euf/m/n --> U/euf/b/n on input line 106.
))) (/usr/share/texlive/texmf-dist/tex/latex/beamer/beamerbasetranslator.sty (/usr/share/texlive/texmf-dist/tex/latex/translator/translator.sty
Package: translator 2019-05-31 v1.12a Easy translation of strings in LaTeX
)) (/usr/share/texlive/texmf-dist/tex/latex/beamer/beamerbasemisc.sty) (/usr/share/texlive/texmf-dist/tex/latex/beamer/beamerbasetwoscreens.sty) (/usr/share/texlive/texmf-dist/tex/latex/beamer/beamerbaseoverlay.sty
\beamer@argscount=\count284
\beamer@lastskipcover=\skip50
\beamer@trivlistdepth=\count285
) (/usr/share/texlive/texmf-dist/tex/latex/beamer/beamerbasetitle.sty) (/usr/share/texlive/texmf-dist/tex/latex/beamer/beamerbasesection.sty
\c@lecture=\count286
\c@part=\count287
\c@section=\count288
\c@subsection=\count289
\c@subsubsection=\count290
) (/usr/share/texlive/texmf-dist/tex/latex/beamer/beamerbaseframe.sty
\beamer@framebox=\box60
\beamer@frametitlebox=\box61
\beamer@zoombox=\box62
\beamer@zoomcount=\count291
\beamer@zoomframecount=\count292
\beamer@frametextheight=\dimen257
\c@subsectionslide=\count293
\beamer@frametopskip=\skip51
\beamer@framebottomskip=\skip52
\beamer@frametopskipautobreak=\skip53
\beamer@framebottomskipautobreak=\skip54
\beamer@envbody=\toks27
\framewidth=\dimen258
\c@framenumber=\count294
) (/usr/share/texlive/texmf-dist/tex/latex/beamer/beamerbaseverbatim.sty
\beamer@verbatimfileout=\write4
) (/usr/share/texlive/texmf-dist/tex/latex/beamer/beamerbaseframesize.sty
\beamer@splitbox=\box63
\beamer@autobreakcount=\count295
\beamer@autobreaklastheight=\dimen259
\beamer@frametitletoks=\toks28
\beamer@framesubtitletoks=\toks29
) (/usr/share/texlive/texmf-dist/tex/latex/beamer/beamerbaseframecomponents.sty
\beamer@footins=\box64
) (/usr/share/texlive/texmf-dist/tex/latex/beamer/beamerbasecolor.sty) (/usr/share/texlive/texmf-dist/tex/latex/beamer/beamerbasenotes.sty
\beamer@frameboxcopy=\box65
) (/usr/share/texlive/texmf-dist/tex/latex/beamer/beamerbasetoc.sty) (/usr/share/texlive/texmf-dist/tex/latex/beamer/beamerbasetemplates.sty
\beamer@sbttoks=\toks30
 (/usr/share/texlive/texmf-dist/tex/latex/beamer/beamerbaseauxtemplates.sty (/usr/share/texlive/texmf-dist/tex/latex/beamer/beamerbaseboxes.sty
\bmb@box=\box66
\bmb@colorbox=\box67
\bmb@boxshadow=\box68
\bmb@boxshadowball=\box69
\bmb@boxshadowballlarge=\box70
\bmb@temp=\dimen260
\bmb@dima=\dimen261
\bmb@dimb=\dimen262
\bmb@prevheight=\dimen263
)
\beamer@blockheadheight=\dimen264
)) (/usr/share/texlive/texmf-dist/tex/latex/beamer/beamerbaselocalstructure.sty (/usr/share/texlive/texmf-dist/tex/latex/tools/enumerate.sty
Package: enumerate 2015/07/23 v3.00 enumerate extensions (DPC)
\@enLab=\toks31
)
\c@figure=\count296
\c@table=\count297
\abovecaptionskip=\skip55
\belowcaptionskip=\skip56
) (/usr/share/texlive/texmf-dist/tex/latex/beamer/beamerbasenavigation.sty
\beamer@section@min@dim=\dimen265
) (/usr/share/texlive/texmf-dist/tex/latex/beamer/beamerbasetheorems.sty (/usr/share/texlive/texmf-dist/tex/latex/amsmath/amsmath.sty
Package: amsmath 2020/01/20 v2.17e AMS math features
\@mathmargin=\skip57

For additional information on amsmath, use the `?' option.
(/usr/share/texlive/texmf-dist/tex/latex/amsmath/amstext.sty
Package: amstext 2000/06/29 v2.01 AMS text
 (/usr/share/texlive/texmf-dist/tex/latex/amsmath/amsgen.sty
File: amsgen.sty 1999/11/30 v2.0 generic functions
\@emptytoks=\toks32
\ex@=\dimen266
)) (/usr/share/texlive/texmf-dist/tex/latex/amsmath/amsbsy.sty
Package: amsbsy 1999/11/29 v1.2d Bold Symbols
\pmbraise@=\dimen267
) (/usr/share/texlive/texmf-dist/tex/latex/amsmath/amsopn.sty
Package: amsopn 2016/03/08 v2.02 operator names
)
\inf@bad=\count298
LaTeX Info: Redefining \frac on input line 227.
\uproot@=\count299
\leftroot@=\count300
LaTeX Info: Redefining \overline on input line 389.
\classnum@=\count301
\DOTSCASE@=\count302
LaTeX Info: Redefining \ldots on input line 486.
LaTeX Info: Redefining \dots on input line 489.
LaTeX Info: Redefining \cdots on input line 610.
\Mathstrutbox@=\box71
\strutbox@=\box72
\big@size=\dimen268
LaTeX Font Info:    Redeclaring font encoding OML on input line 733.
LaTeX Font Info:    Redeclaring font encoding OMS on input line 734.
\macc@depth=\count303
\c@MaxMatrixCols=\count304
\dotsspace@=\muskip17
\c@parentequation=\count305
\dspbrk@lvl=\count306
\tag@help=\toks33
\row@=\count307
\column@=\count308
\maxfields@=\count309
\andhelp@=\toks34
\eqnshift@=\dimen269
\alignsep@=\dimen270
\tagshift@=\dimen271
\tagwidth@=\dimen272
\totwidth@=\dimen273
\lineht@=\dimen274
\@envbody=\toks35
\multlinegap=\skip58
\multlinetaggap=\skip59
\mathdisplay@stack=\toks36
LaTeX Info: Redefining \[ on input line 2859.
LaTeX Info: Redefining \] on input line 2860.
) (/usr/share/texlive/texmf-dist/tex/latex/amscls/amsthm.sty
Package: amsthm 2017/10/31 v2.20.4
\thm@style=\toks37
\thm@bodyfont=\toks38
\thm@headfont=\toks39
\thm@notefont=\toks40
\thm@headpunct=\toks41
\thm@preskip=\skip60
\thm@postskip=\skip61
\thm@headsep=\skip62
\dth@everypar=\toks42
)
\c@theorem=\count310
) (/usr/share/texlive/texmf-dist/tex/latex/beamer/beamerbasethemes.sty)) (/usr/share/texlive/texmf-dist/tex/latex/beamer/beamerthemedefault.sty (/usr/share/texlive/texmf-dist/tex/latex/beamer/beamerfontthemedefault.sty) (/usr/share/texlive/texmf-dist/tex/latex/beamer/beamercolorthemedefault.sty) (/usr/share/texlive/texmf-dist/tex/latex/beamer/beamerinnerthemedefault.sty
\beamer@dima=\dimen275
\beamer@dimb=\dimen276
) (/usr/share/texlive/texmf-dist/tex/latex/beamer/beamerouterthemedefault.sty))) (/usr/share/texlive/texmf-dist/tex/latex/beamer/beamerthemeMadrid.sty (/usr/share/texlive/texmf-dist/tex/latex/beamer/beamercolorthemewhale.sty) (/usr/share/texlive/texmf-dist/tex/latex/beamer/beamercolorthemeorchid.sty) (/usr/share/texlive/texmf-dist/tex/latex/beamer/beamerinnerthemerounded.sty) (/usr/share/texlive/texmf-dist/tex/latex/beamer/beamerouterthemeinfolines.sty)) (/usr/share/texlive/texmf-dist/tex/latex/base/inputenc.sty
Package: inputenc 2018/08/11 v1.3c Input encoding file
\inpenc@prehook=\toks43
\inpenc@posthook=\toks44
) (/usr/share/texlive/texmf-dist/tex/generic/babel/babel.sty
Package: babel 2020/02/14 3.40 The Babel package
 (/usr/share/texlive/texmf-dist/tex/generic/babel/switch.def
File: switch.def 2020/02/14 3.40 Babel switching mechanism
) (/usr/share/texlive/texmf-dist/tex/generic/babel-french/french.ldf
Language: french 2020/01/30 v3.5g French support from the babel system
 (/usr/share/texlive/texmf-dist/tex/generic/babel/babel.def
File: babel.def 2020/02/14 3.40 Babel common definitions
\babel@savecnt=\count311
\U@D=\dimen277
 (/usr/share/texlive/texmf-dist/tex/generic/babel/txtbabel.def)
\bbl@readstream=\read3
LaTeX Info: Redefining \textlatin on input line 2319.
\bbl@dirlevel=\count312
)
Package babel Info: \l@acadian = using hyphenrules for french
(babel)             (\language4) on input line 91.
Package babel Info: \l@canadien = using hyphenrules for french
(babel)             (\language4) on input line 92.
\FB@nonchar=\count313
Package babel Info: Making : an active character on input line 419.
Package babel Info: Making ; an active character on input line 420.
Package babel Info: Making ! an active character on input line 421.
Package babel Info: Making ? an active character on input line 422.
\FBguill@level=\count314
\FBold@everypar=\toks45
\FB@Mht=\dimen278
\mc@charclass=\count315
\mc@charfam=\count316
\mc@charslot=\count317
\std@mcc=\count318
\dec@mcc=\count319
\c@FBcaption@count=\count320
\listindentFB=\dimen279
\descindentFB=\dimen280
\labelindentFB=\dimen281
\labelwidthFB=\dimen282
\leftmarginFB=\dimen283
\parindentFFN=\dimen284
\FBfnindent=\dimen285
)) (/usr/share/texlive/texmf-dist/tex/latex/carlisle/scalefnt.sty)
Package french.ldf Info: No list customisation for the beamer class,
(french.ldf)             reported on input line 5.
 (/usr/share/texlive/texmf-dist/tex/latex/base/fontenc.sty
Package: fontenc 2020/02/11 v2.0o Standard LaTeX package
) (/usr/share/texlive/texmf-dist/tex/latex/relsize/relsize.sty
Package: relsize 2013/03/29 ver 4.1
) (/usr/share/texlive/texmf-dist/tex/latex/caption/subcaption.sty
Package: subcaption 2020/01/22 v1.3d Sub-captions (AR)
 (/usr/share/texlive/texmf-dist/tex/latex/caption/caption.sty
Package: caption 2020/01/03 v3.4h Customizing captions (AR)
 (/usr/share/texlive/texmf-dist/tex/latex/caption/caption3.sty
Package: caption3 2020/01/03 v1.8h caption3 kernel (AR)
Package caption3 Info: TeX engine: e-TeX on input line 61.
\captionmargin=\dimen286
\captionmargin@=\dimen287
\captionwidth=\dimen288
\caption@tempdima=\dimen289
\caption@indent=\dimen290
\caption@parindent=\dimen291
\caption@hangindent=\dimen292
Package caption Info: beamer document class detected.
)
\c@caption@flags=\count321
\c@continuedfloat=\count322
Package caption Info: beamer document class.
Package caption Info: hyperref package is loaded.
Package caption Info: Hyperref support is turned off
(caption)             because hyperref has stopped early.
)
\c@subfigure=\count323
\c@subtable=\count324
) (/usr/share/texlive/texmf-dist/tex/latex/listings/listings.sty
\lst@mode=\count325
\lst@gtempboxa=\box73
\lst@token=\toks46
\lst@length=\count326
\lst@currlwidth=\dimen293
\lst@column=\count327
\lst@pos=\count328
\lst@lostspace=\dimen294
\lst@width=\dimen295
\lst@newlines=\count329
\lst@lineno=\count330
\lst@maxwidth=\dimen296
 (/usr/share/texlive/texmf-dist/tex/latex/listings/lstmisc.sty
File: lstmisc.sty 2019/09/10 1.8c (Carsten Heinz)
\c@lstnumber=\count331
\lst@skipnumbers=\count332
\lst@framebox=\box74
) (/usr/share/texlive/texmf-dist/tex/latex/listings/listings.cfg
File: listings.cfg 2019/09/10 1.8c listings configuration
))
Package: listings 2019/09/10 1.8c (Carsten Heinz)
 (/usr/share/texlive/texmf-dist/tex/latex/listingsutf8/listingsutf8.sty
Package: listingsutf8 2019-12-10 v1.5 Allow UTF-8 in listings input (HO)
 (/usr/share/texlive/texmf-dist/tex/generic/stringenc/stringenc.sty
Package: stringenc 2019/11/29 v1.12 Convert strings between diff. encodings (HO)
)) (/usr/share/texlive/texmf-dist/tex/latex/tools/multicol.sty
Package: multicol 2019/12/09 v1.8y multicolumn formatting (FMi)
\c@tracingmulticols=\count333
\mult@box=\box75
\multicol@leftmargin=\dimen297
\c@unbalance=\count334
\c@collectmore=\count335
\doublecol@number=\count336
\multicoltolerance=\count337
\multicolpretolerance=\count338
\full@width=\dimen298
\page@free=\dimen299
\premulticols=\dimen300
\postmulticols=\dimen301
\multicolsep=\skip63
\multicolbaselineskip=\skip64
\partial@page=\box76
\last@line=\box77
\maxbalancingoverflow=\dimen302
\mult@rightbox=\box78
\mult@grightbox=\box79
\mult@gfirstbox=\box80
\mult@firstbox=\box81
\@tempa=\box82
\@tempa=\box83
\@tempa=\box84
\@tempa=\box85
\@tempa=\box86
\@tempa=\box87
\@tempa=\box88
\@tempa=\box89
\@tempa=\box90
\@tempa=\box91
\@tempa=\box92
\@tempa=\box93
\@tempa=\box94
\@tempa=\box95
\@tempa=\box96
\@tempa=\box97
\@tempa=\box98
\@tempa=\box99
\@tempa=\box100
\@tempa=\box101
\@tempa=\box102
\@tempa=\box103
\@tempa=\box104
\@tempa=\box105
\@tempa=\box106
\@tempa=\box107
\@tempa=\box108
\@tempa=\box109
\@tempa=\box110
\@tempa=\box111
\@tempa=\box112
\@tempa=\box113
\@tempa=\box114
\@tempa=\box115
\@tempa=\box116
\@tempa=\box117
\@tempa=\box118
\c@minrows=\count339
\c@columnbadness=\count340
\c@finalcolumnbadness=\count341
\last@try=\dimen303
\multicolovershoot=\dimen304
\multicolundershoot=\dimen305
\mult@nat@firstbox=\box119
\colbreak@box=\box120
\mc@col@check@num=\count342
) (/usr/share/texlive/texmf-dist/tex/latex/l3backend/l3backend-pdfmode.def
File: l3backend-pdfmode.def 2020-02-03 L3 backend support: PDF mode
\l__kernel_color_stack_int=\count343
\l__pdf_internal_box=\box121
) (/home/tttienthinh/Documents/Programmation/4Tipe/Presentation/Beamer/Presentation.aux (/home/tttienthinh/Documents/Programmation/4Tipe/Presentation/Beamer/sections/00.aux) (/home/tttienthinh/Documents/Programmation/4Tipe/Presentation/Beamer/sections/01.aux) (/home/tttienthinh/Documents/Programmation/4Tipe/Presentation/Beamer/sections/02.aux) (/home/tttienthinh/Documents/Programmation/4Tipe/Presentation/Beamer/sections/03.aux) (/home/tttienthinh/Documents/Programmation/4Tipe/Presentation/Beamer/sections/04.aux) (/home/tttienthinh/Documents/Programmation/4Tipe/Presentation/Beamer/sections/05.aux) (/home/tttienthinh/Documents/Programmation/4Tipe/Presentation/Beamer/sections/06.aux) (/home/tttienthinh/Documents/Programmation/4Tipe/Presentation/Beamer/sections/99.aux))
\openout1 = `Presentation.aux'.

LaTeX Font Info:    Checking defaults for OML/cmm/m/it on input line 55.
LaTeX Font Info:    ... okay on input line 55.
LaTeX Font Info:    Checking defaults for OMS/cmsy/m/n on input line 55.
LaTeX Font Info:    ... okay on input line 55.
LaTeX Font Info:    Checking defaults for OT1/cmr/m/n on input line 55.
LaTeX Font Info:    ... okay on input line 55.
LaTeX Font Info:    Checking defaults for T1/cmr/m/n on input line 55.
LaTeX Font Info:    ... okay on input line 55.
LaTeX Font Info:    Checking defaults for TS1/cmr/m/n on input line 55.
LaTeX Font Info:    ... okay on input line 55.
LaTeX Font Info:    Checking defaults for OMX/cmex/m/n on input line 55.
LaTeX Font Info:    ... okay on input line 55.
LaTeX Font Info:    Checking defaults for U/cmr/m/n on input line 55.
LaTeX Font Info:    ... okay on input line 55.
LaTeX Font Info:    Checking defaults for PD1/pdf/m/n on input line 55.
LaTeX Font Info:    ... okay on input line 55.

*geometry* driver: auto-detecting
*geometry* detected driver: pdftex
*geometry* verbose mode - [ preamble ] result:
* driver: pdftex
* paper: custom
* layout: <same size as paper>
* layoutoffset:(h,v)=(0.0pt,0.0pt)
* modes: includehead includefoot 
* h-part:(L,W,R)=(10.00002pt, 344.19533pt, 10.00002pt)
* v-part:(T,H,B)=(0.0pt, 273.14662pt, 0.0pt)
* \paperwidth=364.19536pt
* \paperheight=273.14662pt
* \textwidth=344.19533pt
* \textheight=244.6939pt
* \oddsidemargin=-62.26997pt
* \evensidemargin=-62.26997pt
* \topmargin=-72.26999pt
* \headheight=14.22636pt
* \headsep=0.0pt
* \topskip=10.0pt
* \footskip=14.22636pt
* \marginparwidth=3.0pt
* \marginparsep=11.0pt
* \columnsep=10.0pt
* \skip\footins=9.0pt plus 4.0pt minus 2.0pt
* \hoffset=0.0pt
* \voffset=0.0pt
* \mag=1000
* \@twocolumnfalse
* \@twosidefalse
* \@mparswitchfalse
* \@reversemarginfalse
* (1in=72.27pt=25.4mm, 1cm=28.453pt)

(/usr/share/texlive/texmf-dist/tex/context/base/mkii/supp-pdf.mkii
[Loading MPS to PDF converter (version 2006.09.02).]
\scratchcounter=\count344
\scratchdimen=\dimen306
\scratchbox=\box122
\nofMPsegments=\count345
\nofMParguments=\count346
\everyMPshowfont=\toks47
\MPscratchCnt=\count347
\MPscratchDim=\dimen307
\MPnumerator=\count348
\makeMPintoPDFobject=\count349
\everyMPtoPDFconversion=\toks48
) (/usr/share/texlive/texmf-dist/tex/latex/epstopdf-pkg/epstopdf-base.sty
Package: epstopdf-base 2020-01-24 v2.11 Base part for package epstopdf
Package epstopdf-base Info: Redefining graphics rule for `.eps' on input line 485.
 (/usr/share/texlive/texmf-dist/tex/latex/latexconfig/epstopdf-sys.cfg
File: epstopdf-sys.cfg 2010/07/13 v1.3 Configuration of (r)epstopdf for TeX Live
)) ABD: EveryShipout initializing macros
\AtBeginShipoutBox=\box123
Package hyperref Info: Link coloring OFF on input line 55.
 (/usr/share/texlive/texmf-dist/tex/latex/hyperref/nameref.sty
Package: nameref 2019/09/16 v2.46 Cross-referencing by name of section
 (/usr/share/texlive/texmf-dist/tex/latex/refcount/refcount.sty
Package: refcount 2019/12/15 v3.6 Data extraction from label references (HO)
) (/usr/share/texlive/texmf-dist/tex/generic/gettitlestring/gettitlestring.sty
Package: gettitlestring 2019/12/15 v1.6 Cleanup title references (HO)
)
\c@section@level=\count350
)
LaTeX Info: Redefining \ref on input line 55.
LaTeX Info: Redefining \pageref on input line 55.
LaTeX Info: Redefining \nameref on input line 55.
 (/home/tttienthinh/Documents/Programmation/4Tipe/Presentation/Beamer/Presentation.out) (/home/tttienthinh/Documents/Programmation/4Tipe/Presentation/Beamer/Presentation.out)
\@outlinefile=\write5
\openout5 = `Presentation.out'.

LaTeX Font Info:    Overwriting symbol font `operators' in version `normal'
(Font)                  OT1/cmr/m/n --> OT1/cmss/m/n on input line 55.
LaTeX Font Info:    Overwriting symbol font `operators' in version `bold'
(Font)                  OT1/cmr/bx/n --> OT1/cmss/b/n on input line 55.
\symnumbers=\mathgroup6
\sympureletters=\mathgroup7
LaTeX Font Info:    Overwriting math alphabet `\mathrm' in version `normal'
(Font)                  OT1/cmss/m/n --> T1/cmr/m/n on input line 55.
LaTeX Font Info:    Redeclaring math alphabet \mathbf on input line 55.
LaTeX Font Info:    Overwriting math alphabet `\mathbf' in version `normal'
(Font)                  OT1/cmr/bx/n --> T1/cmss/b/n on input line 55.
LaTeX Font Info:    Overwriting math alphabet `\mathbf' in version `bold'
(Font)                  OT1/cmr/bx/n --> T1/cmss/b/n on input line 55.
LaTeX Font Info:    Redeclaring math alphabet \mathsf on input line 55.
LaTeX Font Info:    Overwriting math alphabet `\mathsf' in version `normal'
(Font)                  OT1/cmss/m/n --> T1/cmss/m/n on input line 55.
LaTeX Font Info:    Overwriting math alphabet `\mathsf' in version `bold'
(Font)                  OT1/cmss/bx/n --> T1/cmss/m/n on input line 55.
LaTeX Font Info:    Redeclaring math alphabet \mathit on input line 55.
LaTeX Font Info:    Overwriting math alphabet `\mathit' in version `normal'
(Font)                  OT1/cmr/m/it --> T1/cmss/m/it on input line 55.
LaTeX Font Info:    Overwriting math alphabet `\mathit' in version `bold'
(Font)                  OT1/cmr/bx/it --> T1/cmss/m/it on input line 55.
LaTeX Font Info:    Redeclaring math alphabet \mathtt on input line 55.
LaTeX Font Info:    Overwriting math alphabet `\mathtt' in version `normal'
(Font)                  OT1/cmtt/m/n --> T1/cmtt/m/n on input line 55.
LaTeX Font Info:    Overwriting math alphabet `\mathtt' in version `bold'
(Font)                  OT1/cmtt/m/n --> T1/cmtt/m/n on input line 55.
LaTeX Font Info:    Overwriting symbol font `numbers' in version `bold'
(Font)                  T1/cmss/m/n --> T1/cmss/b/n on input line 55.
LaTeX Font Info:    Overwriting symbol font `pureletters' in version `bold'
(Font)                  T1/cmss/m/it --> T1/cmss/b/it on input line 55.
LaTeX Font Info:    Overwriting math alphabet `\mathrm' in version `bold'
(Font)                  OT1/cmss/b/n --> T1/cmr/b/n on input line 55.
LaTeX Font Info:    Overwriting math alphabet `\mathbf' in version `bold'
(Font)                  T1/cmss/b/n --> T1/cmss/b/n on input line 55.
LaTeX Font Info:    Overwriting math alphabet `\mathsf' in version `bold'
(Font)                  T1/cmss/m/n --> T1/cmss/b/n on input line 55.
LaTeX Font Info:    Overwriting math alphabet `\mathit' in version `bold'
(Font)                  T1/cmss/m/it --> T1/cmss/b/it on input line 55.
LaTeX Font Info:    Overwriting math alphabet `\mathtt' in version `bold'
(Font)                  T1/cmtt/m/n --> T1/cmtt/b/n on input line 55.
 (/usr/share/texlive/texmf-dist/tex/latex/translator/translator-basic-dictionary-English.dict
Dictionary: translator-basic-dictionary, Language: English 
) (/usr/share/texlive/texmf-dist/tex/latex/translator/translator-bibliography-dictionary-English.dict
Dictionary: translator-bibliography-dictionary, Language: English 
) (/usr/share/texlive/texmf-dist/tex/latex/translator/translator-environment-dictionary-English.dict
Dictionary: translator-environment-dictionary, Language: English 
) (/usr/share/texlive/texmf-dist/tex/latex/translator/translator-months-dictionary-English.dict
Dictionary: translator-months-dictionary, Language: English 
) (/usr/share/texlive/texmf-dist/tex/latex/translator/translator-numbers-dictionary-English.dict
Dictionary: translator-numbers-dictionary, Language: English 
) (/usr/share/texlive/texmf-dist/tex/latex/translator/translator-theorem-dictionary-English.dict
Dictionary: translator-theorem-dictionary, Language: English 
)
LaTeX Info: Redefining \degres on input line 55.
LaTeX Info: Redefining \dots on input line 55.
LaTeX Info: Redefining \up on input line 55.
Package caption Info: Begin \AtBeginDocument code.
Package caption Info: listings package is loaded.
Package caption Info: End \AtBeginDocument code.
\c@lstlisting=\count351
 (/home/tttienthinh/Documents/Programmation/4Tipe/Presentation/Beamer/Presentation.nav)
\openout2 = `sections/00.aux'.

 (/home/tttienthinh/Documents/Programmation/4Tipe/Presentation/Beamer/sections/00.tex [1


{/var/lib/texmf/fonts/map/pdftex/updmap/pdftex.map}]
<Affiche/0-ReconnaissanceVocale/4-phone.png, id=88, 1874.202pt x 446.6286pt>
File: Affiche/0-ReconnaissanceVocale/4-phone.png Graphic file (type png)
<use Affiche/0-ReconnaissanceVocale/4-phone.png>
Package pdftex.def Info: Affiche/0-ReconnaissanceVocale/4-phone.png  used on input line 21.
(pdftex.def)             Requested size: 250.93842pt x 59.79475pt.
 [2

 </home/tttienthinh/Documents/Programmation/4Tipe/Presentation/Beamer/Affiche/0-ReconnaissanceVocale/4-phone.png>]
LaTeX Font Info:    Trying to load font information for U+msa on input line 30.
 (/usr/share/texlive/texmf-dist/tex/latex/amsfonts/umsa.fd
File: umsa.fd 2013/01/14 v3.01 AMS symbols A
)
LaTeX Font Info:    Trying to load font information for U+msb on input line 30.
 (/usr/share/texlive/texmf-dist/tex/latex/amsfonts/umsb.fd
File: umsb.fd 2013/01/14 v3.01 AMS symbols B
)
<Affiche/0-ReconnaissanceVocale/1-Incendie-3.jpg, id=118, 462.528pt x 346.896pt>
File: Affiche/0-ReconnaissanceVocale/1-Incendie-3.jpg Graphic file (type jpg)
<use Affiche/0-ReconnaissanceVocale/1-Incendie-3.jpg>
Package pdftex.def Info: Affiche/0-ReconnaissanceVocale/1-Incendie-3.jpg  used on input line 30.
(pdftex.def)             Requested size: 66.9131pt x 50.18768pt.
<Affiche/0-ReconnaissanceVocale/2-Reseau.png, id=119, 898.0752pt x 446.6286pt>
File: Affiche/0-ReconnaissanceVocale/2-Reseau.png Graphic file (type png)
<use Affiche/0-ReconnaissanceVocale/2-Reseau.png>
Package pdftex.def Info: Affiche/0-ReconnaissanceVocale/2-Reseau.png  used on input line 30.
(pdftex.def)             Requested size: 100.91261pt x 50.18768pt.
<Affiche/0-ReconnaissanceVocale/3-Matching.png, id=120, 310.0383pt x 227.6505pt>
File: Affiche/0-ReconnaissanceVocale/3-Matching.png Graphic file (type png)
<use Affiche/0-ReconnaissanceVocale/3-Matching.png>
Package pdftex.def Info: Affiche/0-ReconnaissanceVocale/3-Matching.png  used on input line 30.
(pdftex.def)             Requested size: 68.35056pt x 50.18768pt.
 [3

 </home/tttienthinh/Documents/Programmation/4Tipe/Presentation/Beamer/Affiche/0-ReconnaissanceVocale/1-Incendie-3.jpg> </home/tttienthinh/Documents/Programmation/4Tipe/Presentation/Beamer/Affiche/0-ReconnaissanceVocale/2-Reseau.png> </home/tttienthinh/Documents/Programmation/4Tipe/Presentation/Beamer/Affiche/0-ReconnaissanceVocale/3-Matching.png>])
\openout2 = `sections/01.aux'.

 (/home/tttienthinh/Documents/Programmation/4Tipe/Presentation/Beamer/sections/01.tex
<Affiche/1-Introduction/2-Neurone.png, id=148, 1524.4152pt x 537.6888pt>
File: Affiche/1-Introduction/2-Neurone.png Graphic file (type png)
<use Affiche/1-Introduction/2-Neurone.png>
Package pdftex.def Info: Affiche/1-Introduction/2-Neurone.png  used on input line 13.
(pdftex.def)             Requested size: 344.19533pt x 121.40138pt.


LaTeX Font Warning: Font shape `T1/cmss/m/sc' undefined
(Font)              using `T1/cmss/m/n' instead on input line 13.

[4



 </home/tttienthinh/Documents/Programmation/4Tipe/Presentation/Beamer/Affiche/1-Introduction/2-Neurone.png>]
<Affiche/1-Introduction/1-Perceptron.png, id=180, 1148.3703pt x 365.6862pt>
File: Affiche/1-Introduction/1-Perceptron.png Graphic file (type png)
<use Affiche/1-Introduction/1-Perceptron.png>
Package pdftex.def Info: Affiche/1-Introduction/1-Perceptron.png  used on input line 22.
(pdftex.def)             Requested size: 344.19533pt x 109.60626pt.
 [5

 </home/tttienthinh/Documents/Programmation/4Tipe/Presentation/Beamer/Affiche/1-Introduction/1-Perceptron.png>]
File: Affiche/1-Introduction/1-Perceptron.png Graphic file (type png)
<use Affiche/1-Introduction/1-Perceptron.png>
Package pdftex.def Info: Affiche/1-Introduction/1-Perceptron.png  used on input line 54.
(pdftex.def)             Requested size: 252.16913pt x 80.3003pt.
 (/usr/share/texlive/texmf-dist/tex/latex/listings/lstlang1.sty
File: lstlang1.sty 2019/09/10 1.8c listings language file
)
LaTeX Font Info:    Trying to load font information for T1+cmtt on input line 54.
 (/usr/share/texlive/texmf-dist/tex/latex/base/t1cmtt.fd
File: t1cmtt.fd 2019/12/16 v2.5j Standard LaTeX font definitions
) (/usr/share/texlive/texmf-dist/tex/latex/base/latin1.def
File: latin1.def 2018/08/11 v1.3c Input encoding file
) (/usr/share/texlive/texmf-dist/tex/generic/stringenc/se-utf8.def
File: se-utf8.def 2019/11/29 v1.12 stringenc: UTF-8
) (/usr/share/texlive/texmf-dist/tex/generic/stringenc/se-iso-8859-1.def
File: se-iso-8859-1.def 2019/11/29 v1.12 stringenc: ISO-8859-1
) [6

])
\openout2 = `sections/02.aux'.

 (/home/tttienthinh/Documents/Programmation/4Tipe/Presentation/Beamer/sections/02.tex
<Affiche/2-Activation-Gradient/8-activation.png, id=240, 910.3611pt x 174.6525pt>
File: Affiche/2-Activation-Gradient/8-activation.png Graphic file (type png)
<use Affiche/2-Activation-Gradient/8-activation.png>
Package pdftex.def Info: Affiche/2-Activation-Gradient/8-activation.png  used on input line 14.
(pdftex.def)             Requested size: 344.19533pt x 66.03284pt.
 [7



 </home/tttienthinh/Documents/Programmation/4Tipe/Presentation/Beamer/Affiche/2-Activation-Gradient/8-activation.png>]
<Affiche/2-Activation-Gradient/0-Sigmoide.png, id=272, 462.528pt x 346.896pt>
File: Affiche/2-Activation-Gradient/0-Sigmoide.png Graphic file (type png)
<use Affiche/2-Activation-Gradient/0-Sigmoide.png>
Package pdftex.def Info: Affiche/2-Activation-Gradient/0-Sigmoide.png  used on input line 43.
(pdftex.def)             Requested size: 90.33783pt x 67.75294pt.
<Affiche/2-Activation-Gradient/0-Tanh.png, id=273, 462.528pt x 346.896pt>
File: Affiche/2-Activation-Gradient/0-Tanh.png Graphic file (type png)
<use Affiche/2-Activation-Gradient/0-Tanh.png>
Package pdftex.def Info: Affiche/2-Activation-Gradient/0-Tanh.png  used on input line 43.
(pdftex.def)             Requested size: 90.33783pt x 67.75294pt.
<Affiche/2-Activation-Gradient/0-ReLU.png, id=274, 462.528pt x 346.896pt>
File: Affiche/2-Activation-Gradient/0-ReLU.png Graphic file (type png)
<use Affiche/2-Activation-Gradient/0-ReLU.png>
Package pdftex.def Info: Affiche/2-Activation-Gradient/0-ReLU.png  used on input line 43.
(pdftex.def)             Requested size: 90.33783pt x 67.75294pt.
 [8

 </home/tttienthinh/Documents/Programmation/4Tipe/Presentation/Beamer/Affiche/2-Activation-Gradient/0-Sigmoide.png> </home/tttienthinh/Documents/Programmation/4Tipe/Presentation/Beamer/Affiche/2-Activation-Gradient/0-Tanh.png> </home/tttienthinh/Documents/Programmation/4Tipe/Presentation/Beamer/Affiche/2-Activation-Gradient/0-ReLU.png>]
File: Affiche/2-Activation-Gradient/0-Sigmoide.png Graphic file (type png)
<use Affiche/2-Activation-Gradient/0-Sigmoide.png>
Package pdftex.def Info: Affiche/2-Activation-Gradient/0-Sigmoide.png  used on input line 52.
(pdftex.def)             Requested size: 250.93842pt x 188.205pt.
 [9

]
File: Affiche/2-Activation-Gradient/0-Tanh.png Graphic file (type png)
<use Affiche/2-Activation-Gradient/0-Tanh.png>
Package pdftex.def Info: Affiche/2-Activation-Gradient/0-Tanh.png  used on input line 61.
(pdftex.def)             Requested size: 250.93842pt x 188.205pt.
 [10

]
File: Affiche/2-Activation-Gradient/0-ReLU.png Graphic file (type png)
<use Affiche/2-Activation-Gradient/0-ReLU.png>
Package pdftex.def Info: Affiche/2-Activation-Gradient/0-ReLU.png  used on input line 70.
(pdftex.def)             Requested size: 250.93842pt x 188.205pt.
 [11

])
\openout2 = `sections/03.aux'.

 (/home/tttienthinh/Documents/Programmation/4Tipe/Presentation/Beamer/sections/03.tex [12



]
LaTeX Font Info:    Trying to load font information for TS1+cmss on input line 34.
 (/usr/share/texlive/texmf-dist/tex/latex/base/ts1cmss.fd
File: ts1cmss.fd 2019/12/16 v2.5j Standard LaTeX font definitions
)
<Affiche/2-Activation-Gradient/1-DescenteGradient.jpg, id=411, 867.24pt x 216.81pt>
File: Affiche/2-Activation-Gradient/1-DescenteGradient.jpg Graphic file (type jpg)
<use Affiche/2-Activation-Gradient/1-DescenteGradient.jpg>
Package pdftex.def Info: Affiche/2-Activation-Gradient/1-DescenteGradient.jpg  used on input line 34.
(pdftex.def)             Requested size: 361.35353pt x 90.33783pt.

Overfull \hbox (17.1582pt too wide) in paragraph at lines 34--34
 [] 
 []


Overfull \vbox (7.78946pt too high) detected at line 34
 []

[13

 </home/tttienthinh/Documents/Programmation/4Tipe/Presentation/Beamer/Affiche/2-Activation-Gradient/1-DescenteGradient.jpg>]
<Affiche/2-Activation-Gradient/2-DescenteGradient.jpg, id=447, 867.24pt x 216.81pt>
File: Affiche/2-Activation-Gradient/2-DescenteGradient.jpg Graphic file (type jpg)
<use Affiche/2-Activation-Gradient/2-DescenteGradient.jpg>
Package pdftex.def Info: Affiche/2-Activation-Gradient/2-DescenteGradient.jpg  used on input line 51.
(pdftex.def)             Requested size: 344.19533pt x 86.04758pt.
 [14

 </home/tttienthinh/Documents/Programmation/4Tipe/Presentation/Beamer/Affiche/2-Activation-Gradient/2-DescenteGradient.jpg>]
<Affiche/2-Activation-Gradient/4-Moment.jpg, id=474, 714.56963pt x 366.22823pt>
File: Affiche/2-Activation-Gradient/4-Moment.jpg Graphic file (type jpg)
<use Affiche/2-Activation-Gradient/4-Moment.jpg>
Package pdftex.def Info: Affiche/2-Activation-Gradient/4-Moment.jpg  used on input line 66.
(pdftex.def)             Requested size: 274.18881pt x 140.52551pt.

Overfull \vbox (9.67511pt too high) detected at line 66
 []

[15

 </home/tttienthinh/Documents/Programmation/4Tipe/Presentation/Beamer/Affiche/2-Activation-Gradient/4-Moment.jpg>]
<Affiche/2-Activation-Gradient/5-Moment.jpg, id=504, 713.12422pt x 216.81pt>
File: Affiche/2-Activation-Gradient/5-Moment.jpg Graphic file (type jpg)
<use Affiche/2-Activation-Gradient/5-Moment.jpg>
Package pdftex.def Info: Affiche/2-Activation-Gradient/5-Moment.jpg  used on input line 78.
(pdftex.def)             Requested size: 344.19533pt x 94.95703pt.
 [16

 </home/tttienthinh/Documents/Programmation/4Tipe/Presentation/Beamer/Affiche/2-Activation-Gradient/5-Moment.jpg>]
<Affiche/2-Activation-Gradient/6-Perceptron.png, id=533, 722.9409pt x 150.3216pt>
File: Affiche/2-Activation-Gradient/6-Perceptron.png Graphic file (type png)
<use Affiche/2-Activation-Gradient/6-Perceptron.png>
Package pdftex.def Info: Affiche/2-Activation-Gradient/6-Perceptron.png  used on input line 90.
(pdftex.def)             Requested size: 217.2259pt x 45.16891pt.
 (/usr/share/texlive/texmf-dist/tex/latex/base/latin1.def
File: latin1.def 2018/08/11 v1.3c Input encoding file
) [17

 </home/tttienthinh/Documents/Programmation/4Tipe/Presentation/Beamer/Affiche/2-Activation-Gradient/6-Perceptron.png>] [18

]
<Affiche/2-Activation-Gradient/7-Batch.jpg, id=586, 889.82437pt x 366.4089pt>
File: Affiche/2-Activation-Gradient/7-Batch.jpg Graphic file (type jpg)
<use Affiche/2-Activation-Gradient/7-Batch.jpg>
Package pdftex.def Info: Affiche/2-Activation-Gradient/7-Batch.jpg  used on input line 130.
(pdftex.def)             Requested size: 344.19533pt x 141.73038pt.
 [19

 </home/tttienthinh/Documents/Programmation/4Tipe/Presentation/Beamer/Affiche/2-Activation-Gradient/7-Batch.jpg>])
\openout2 = `sections/04.aux'.

 (/home/tttienthinh/Documents/Programmation/4Tipe/Presentation/Beamer/sections/04.tex
<Affiche/4-XOR/1-Reseau.png, id=614, 1474.5489pt x 531.9072pt>
File: Affiche/4-XOR/1-Reseau.png Graphic file (type png)
<use Affiche/4-XOR/1-Reseau.png>
Package pdftex.def Info: Affiche/4-XOR/1-Reseau.png  used on input line 13.
(pdftex.def)             Requested size: 333.89667pt x 120.45044pt.

Overfull \vbox (1.31482pt too high) detected at line 13
 []

[20



 </home/tttienthinh/Documents/Programmation/4Tipe/Presentation/Beamer/Affiche/4-XOR/1-Reseau.png>]
<Affiche/4-XOR/2-XOR.jpg, id=644, 361.35pt x 361.35pt>
File: Affiche/4-XOR/2-XOR.jpg Graphic file (type jpg)
<use Affiche/4-XOR/2-XOR.jpg>
Package pdftex.def Info: Affiche/4-XOR/2-XOR.jpg  used on input line 25.
(pdftex.def)             Requested size: 150.56305pt x 150.56396pt.
 [21

 </home/tttienthinh/Documents/Programmation/4Tipe/Presentation/Beamer/Affiche/4-XOR/2-XOR.jpg>]
<Affiche/4-XOR/3-Model.png, id=671, 965.7681pt x 264.5082pt>
File: Affiche/4-XOR/3-Model.png Graphic file (type png)
<use Affiche/4-XOR/3-Model.png>
Package pdftex.def Info: Affiche/4-XOR/3-Model.png  used on input line 41.
(pdftex.def)             Requested size: 230.86334pt x 63.22899pt.

Overfull \vbox (1.33829pt too high) detected at line 41
 []

[22

 </home/tttienthinh/Documents/Programmation/4Tipe/Presentation/Beamer/Affiche/4-XOR/3-Model.png>] (/usr/share/texlive/texmf-dist/tex/latex/base/latin1.def
File: latin1.def 2018/08/11 v1.3c Input encoding file
) [23

]
<Affiche/4-XOR/4-XOR.png, id=726, 462.528pt x 346.896pt>
File: Affiche/4-XOR/4-XOR.png Graphic file (type png)
<use Affiche/4-XOR/4-XOR.png>
Package pdftex.def Info: Affiche/4-XOR/4-XOR.png  used on input line 55.
(pdftex.def)             Requested size: 271.01349pt x 203.26945pt.

Overfull \vbox (5.85878pt too high) detected at line 55
 []

[24

 </home/tttienthinh/Documents/Programmation/4Tipe/Presentation/Beamer/Affiche/4-XOR/4-XOR.png>] [25

])
\openout2 = `sections/05.aux'.

 (/home/tttienthinh/Documents/Programmation/4Tipe/Presentation/Beamer/sections/05.tex
<Affiche/5-MNIST/1-mnist.jpg, id=781, 1084.05pt x 722.7pt>
File: Affiche/5-MNIST/1-mnist.jpg Graphic file (type jpg)
<use Affiche/5-MNIST/1-mnist.jpg>
Package pdftex.def Info: Affiche/5-MNIST/1-mnist.jpg  used on input line 14.
(pdftex.def)             Requested size: 150.56305pt x 100.3723pt.
 [26



 </home/tttienthinh/Documents/Programmation/4Tipe/Presentation/Beamer/Affiche/5-MNIST/1-mnist.jpg>] [27

]
<Affiche/5-MNIST/2-Softmax.png, id=839, 786.7794pt x 579.3645pt>
File: Affiche/5-MNIST/2-Softmax.png Graphic file (type png)
<use Affiche/5-MNIST/2-Softmax.png>
Package pdftex.def Info: Affiche/5-MNIST/2-Softmax.png  used on input line 38.
(pdftex.def)             Requested size: 204.46178pt x 150.56305pt.
 [28

 </home/tttienthinh/Documents/Programmation/4Tipe/Presentation/Beamer/Affiche/5-MNIST/2-Softmax.png>]
<Affiche/5-MNIST/3-Apprentissage.jpg, id=867, 708.246pt x 724.1454pt>
File: Affiche/5-MNIST/3-Apprentissage.jpg Graphic file (type jpg)
<use Affiche/5-MNIST/3-Apprentissage.jpg>
Package pdftex.def Info: Affiche/5-MNIST/3-Apprentissage.jpg  used on input line 60.
(pdftex.def)             Requested size: 178.98303pt x 183.00272pt.
 [29

 </home/tttienthinh/Documents/Programmation/4Tipe/Presentation/Beamer/Affiche/5-MNIST/3-Apprentissage.jpg>]
<Affiche/5-MNIST/4-Resultat.jpg, id=894, 1084.05pt x 722.7pt>
File: Affiche/5-MNIST/4-Resultat.jpg Graphic file (type jpg)
<use Affiche/5-MNIST/4-Resultat.jpg>
Package pdftex.def Info: Affiche/5-MNIST/4-Resultat.jpg  used on input line 69.
(pdftex.def)             Requested size: 301.11691pt x 200.75073pt.

Overfull \vbox (3.34006pt too high) detected at line 69
 []

[30

 </home/tttienthinh/Documents/Programmation/4Tipe/Presentation/Beamer/Affiche/5-MNIST/4-Resultat.jpg>]
<Affiche/5-MNIST/5-convolution.png, id=921, 512.1534pt x 232.2276pt>
File: Affiche/5-MNIST/5-convolution.png Graphic file (type png)
<use Affiche/5-MNIST/5-convolution.png>
Package pdftex.def Info: Affiche/5-MNIST/5-convolution.png  used on input line 78.
(pdftex.def)             Requested size: 344.19533pt x 156.07713pt.
 [31

 </home/tttienthinh/Documents/Programmation/4Tipe/Presentation/Beamer/Affiche/5-MNIST/5-convolution.png>]
<Affiche/5-MNIST/6-cat.jpg, id=953, 698.1282pt x 325.9377pt>
File: Affiche/5-MNIST/6-cat.jpg Graphic file (type jpg)
<use Affiche/5-MNIST/6-cat.jpg>
Package pdftex.def Info: Affiche/5-MNIST/6-cat.jpg  used on input line 105.
(pdftex.def)             Requested size: 137.67603pt x 64.27625pt.
<Affiche/5-MNIST/6-dog.jpg, id=954, 698.1282pt x 325.9377pt>
File: Affiche/5-MNIST/6-dog.jpg Graphic file (type jpg)
<use Affiche/5-MNIST/6-dog.jpg>
Package pdftex.def Info: Affiche/5-MNIST/6-dog.jpg  used on input line 105.
(pdftex.def)             Requested size: 137.67603pt x 64.27625pt.
 (/usr/share/texlive/texmf-dist/tex/latex/base/latin1.def
File: latin1.def 2018/08/11 v1.3c Input encoding file
) [32

 </home/tttienthinh/Documents/Programmation/4Tipe/Presentation/Beamer/Affiche/5-MNIST/6-cat.jpg> </home/tttienthinh/Documents/Programmation/4Tipe/Presentation/Beamer/Affiche/5-MNIST/6-dog.jpg>]
<Affiche/5-MNIST/7-Resultat.jpg, id=980, 840.13875pt x 565.1514pt>
File: Affiche/5-MNIST/7-Resultat.jpg Graphic file (type jpg)
<use Affiche/5-MNIST/7-Resultat.jpg>
Package pdftex.def Info: Affiche/5-MNIST/7-Resultat.jpg  used on input line 123.
(pdftex.def)             Requested size: 240.93567pt x 162.07014pt.
 (/usr/share/texlive/texmf-dist/tex/latex/base/latin1.def
File: latin1.def 2018/08/11 v1.3c Input encoding file
) [33

 </home/tttienthinh/Documents/Programmation/4Tipe/Presentation/Beamer/Affiche/5-MNIST/7-Resultat.jpg>])
\openout2 = `sections/06.aux'.

 (/home/tttienthinh/Documents/Programmation/4Tipe/Presentation/Beamer/sections/06.tex
<Affiche/6-Mot/1-Incendie.jpg, id=1006, 404.712pt x 314.3745pt>
File: Affiche/6-Mot/1-Incendie.jpg Graphic file (type jpg)
<use Affiche/6-Mot/1-Incendie.jpg>
Package pdftex.def Info: Affiche/6-Mot/1-Incendie.jpg  used on input line 26.
(pdftex.def)             Requested size: 103.25964pt x 80.20999pt.
<Affiche/6-Mot/1-Intoxication.jpg, id=1007, 404.712pt x 314.3745pt>
File: Affiche/6-Mot/1-Intoxication.jpg Graphic file (type jpg)
<use Affiche/6-Mot/1-Intoxication.jpg>
Package pdftex.def Info: Affiche/6-Mot/1-Intoxication.jpg  used on input line 26.
(pdftex.def)             Requested size: 103.25964pt x 80.20999pt.
<Affiche/6-Mot/1-Cambriolage.jpg, id=1008, 404.712pt x 314.3745pt>
File: Affiche/6-Mot/1-Cambriolage.jpg Graphic file (type jpg)
<use Affiche/6-Mot/1-Cambriolage.jpg>
Package pdftex.def Info: Affiche/6-Mot/1-Cambriolage.jpg  used on input line 26.
(pdftex.def)             Requested size: 103.25964pt x 80.20999pt.
 [34



 </home/tttienthinh/Documents/Programmation/4Tipe/Presentation/Beamer/Affiche/6-Mot/1-Incendie.jpg> </home/tttienthinh/Documents/Programmation/4Tipe/Presentation/Beamer/Affiche/6-Mot/1-Intoxication.jpg> </home/tttienthinh/Documents/Programmation/4Tipe/Presentation/Beamer/Affiche/6-Mot/1-Cambriolage.jpg>]
<Affiche/6-Mot/2-transfert.png, id=1037, 1222.3266pt x 579.3645pt>
File: Affiche/6-Mot/2-transfert.png Graphic file (type png)
<use Affiche/6-Mot/2-transfert.png>
Package pdftex.def Info: Affiche/6-Mot/2-transfert.png  used on input line 34.
(pdftex.def)             Requested size: 344.19533pt x 163.14035pt.
 [35

 </home/tttienthinh/Documents/Programmation/4Tipe/Presentation/Beamer/Affiche/6-Mot/2-transfert.png>] (/usr/share/texlive/texmf-dist/tex/latex/base/latin1.def
File: latin1.def 2018/08/11 v1.3c Input encoding file
) [36

] (/usr/share/texlive/texmf-dist/tex/latex/base/latin1.def
File: latin1.def 2018/08/11 v1.3c Input encoding file
)
Overfull \vbox (7.26875pt too high) detected at line 54
 []

[37

] (/usr/share/texlive/texmf-dist/tex/latex/base/latin1.def
File: latin1.def 2018/08/11 v1.3c Input encoding file
) [38

]
<Affiche/6-Mot/4-loss.jpg, id=1145, 380.8629pt x 299.9205pt>
File: Affiche/6-Mot/4-loss.jpg Graphic file (type jpg)
<use Affiche/6-Mot/4-loss.jpg>
Package pdftex.def Info: Affiche/6-Mot/4-loss.jpg  used on input line 72.
(pdftex.def)             Requested size: 154.88684pt x 121.96596pt.
<Affiche/6-Mot/4-accuracy.jpg, id=1146, 380.8629pt x 300.6432pt>
File: Affiche/6-Mot/4-accuracy.jpg Graphic file (type jpg)
<use Affiche/6-Mot/4-accuracy.jpg>
Package pdftex.def Info: Affiche/6-Mot/4-accuracy.jpg  used on input line 72.
(pdftex.def)             Requested size: 154.88684pt x 122.25986pt.
 [39

 </home/tttienthinh/Documents/Programmation/4Tipe/Presentation/Beamer/Affiche/6-Mot/4-loss.jpg> </home/tttienthinh/Documents/Programmation/4Tipe/Presentation/Beamer/Affiche/6-Mot/4-accuracy.jpg>]
<Affiche/6-Mot/5-Audio.jpg, id=1176, 389.5353pt x 314.3745pt>
File: Affiche/6-Mot/5-Audio.jpg Graphic file (type jpg)
<use Affiche/6-Mot/5-Audio.jpg>
Package pdftex.def Info: Affiche/6-Mot/5-Audio.jpg  used on input line 111.
(pdftex.def)             Requested size: 154.88684pt x 124.99924pt.
 [40

 </home/tttienthinh/Documents/Programmation/4Tipe/Presentation/Beamer/Affiche/6-Mot/5-Audio.jpg>]
<Affiche/6-Mot/3-incendie.png, id=1203, 404.712pt x 314.3745pt>
File: Affiche/6-Mot/3-incendie.png Graphic file (type png)
<use Affiche/6-Mot/3-incendie.png>
Package pdftex.def Info: Affiche/6-Mot/3-incendie.png  used on input line 127.
(pdftex.def)             Requested size: 154.88684pt x 120.3126pt.

Overfull \vbox (11.34422pt too high) detected at line 127
 []

[41

 </home/tttienthinh/Documents/Programmation/4Tipe/Presentation/Beamer/Affiche/6-Mot/3-incendie.png>]
<Affiche/6-Mot/6-schema.png, id=1230, 982.1493pt x 816.4101pt>
File: Affiche/6-Mot/6-schema.png Graphic file (type png)
<use Affiche/6-Mot/6-schema.png>
Package pdftex.def Info: Affiche/6-Mot/6-schema.png  used on input line 138.
(pdftex.def)             Requested size: 252.05579pt x 209.52138pt.

Overfull \vbox (12.1107pt too high) detected at line 138
 []

[42

 </home/tttienthinh/Documents/Programmation/4Tipe/Presentation/Beamer/Affiche/6-Mot/6-schema.png>])
\openout2 = `sections/99.aux'.

 (/home/tttienthinh/Documents/Programmation/4Tipe/Presentation/Beamer/sections/99.tex (/usr/share/texlive/texmf-dist/tex/latex/base/latin1.def
File: latin1.def 2018/08/11 v1.3c Input encoding file
) [43



]
\openout4 = `Presentation.vrb'.

 (/home/tttienthinh/Documents/Programmation/4Tipe/Presentation/Beamer/Presentation.vrb (/usr/share/texlive/texmf-dist/tex/latex/base/latin1.def
File: latin1.def 2018/08/11 v1.3c Input encoding file
)) [44

] [45


] [46


]
\openout4 = `Presentation.vrb'.

 (/home/tttienthinh/Documents/Programmation/4Tipe/Presentation/Beamer/Presentation.vrb (/usr/share/texlive/texmf-dist/tex/latex/base/latin1.def
File: latin1.def 2018/08/11 v1.3c Input encoding file
)) [47

] [48


]
\openout4 = `Presentation.vrb'.

 (/home/tttienthinh/Documents/Programmation/4Tipe/Presentation/Beamer/Presentation.vrb (/usr/share/texlive/texmf-dist/tex/latex/base/latin1.def
File: latin1.def 2018/08/11 v1.3c Input encoding file
)) [49

]
\openout4 = `Presentation.vrb'.

 (/home/tttienthinh/Documents/Programmation/4Tipe/Presentation/Beamer/Presentation.vrb (/usr/share/texlive/texmf-dist/tex/latex/base/latin1.def
File: latin1.def 2018/08/11 v1.3c Input encoding file
)) [50

] [51


] [52


] [53


] [54


]
\openout4 = `Presentation.vrb'.

 (/home/tttienthinh/Documents/Programmation/4Tipe/Presentation/Beamer/Presentation.vrb (/usr/share/texlive/texmf-dist/tex/latex/base/latin1.def
File: latin1.def 2018/08/11 v1.3c Input encoding file
)) [55

] [56


] [57


] [58


] [59


] [60


] [61


]
\openout4 = `Presentation.vrb'.

 (/home/tttienthinh/Documents/Programmation/4Tipe/Presentation/Beamer/Presentation.vrb (/usr/share/texlive/texmf-dist/tex/latex/base/latin1.def
File: latin1.def 2018/08/11 v1.3c Input encoding file
)) [62

] [63


] [64


] [65


] [66


]
\openout4 = `Presentation.vrb'.

 (/home/tttienthinh/Documents/Programmation/4Tipe/Presentation/Beamer/Presentation.vrb (/usr/share/texlive/texmf-dist/tex/latex/base/latin1.def
File: latin1.def 2018/08/11 v1.3c Input encoding file
)) [67

])
\tf@nav=\write6
\openout6 = `Presentation.nav'.

\tf@toc=\write7
\openout7 = `Presentation.toc'.

\tf@snm=\write8
\openout8 = `Presentation.snm'.

Package atveryend Info: Empty hook `BeforeClearDocument' on input line 75.
Package atveryend Info: Empty hook `AfterLastShipout' on input line 75.
 (/home/tttienthinh/Documents/Programmation/4Tipe/Presentation/Beamer/Presentation.aux (/home/tttienthinh/Documents/Programmation/4Tipe/Presentation/Beamer/sections/00.aux) (/home/tttienthinh/Documents/Programmation/4Tipe/Presentation/Beamer/sections/01.aux) (/home/tttienthinh/Documents/Programmation/4Tipe/Presentation/Beamer/sections/02.aux) (/home/tttienthinh/Documents/Programmation/4Tipe/Presentation/Beamer/sections/03.aux) (/home/tttienthinh/Documents/Programmation/4Tipe/Presentation/Beamer/sections/04.aux) (/home/tttienthinh/Documents/Programmation/4Tipe/Presentation/Beamer/sections/05.aux) (/home/tttienthinh/Documents/Programmation/4Tipe/Presentation/Beamer/sections/06.aux) (/home/tttienthinh/Documents/Programmation/4Tipe/Presentation/Beamer/sections/99.aux))
Package atveryend Info: Executing hook `AtVeryEndDocument' on input line 75.
Package atveryend Info: Executing hook `AtEndAfterFileList' on input line 75.
Package rerunfilecheck Info: File `Presentation.out' has not changed.
(rerunfilecheck)             Checksum: 625A0AF809F10490F4D6A5DFCDD8329D;443.


LaTeX Font Warning: Some font shapes were not available, defaults substituted.

 ) 
Here is how much of TeX's memory you used:
 23546 strings out of 483040
 434371 string characters out of 5962426
 1517560 words of memory out of 5000000
 37736 multiletter control sequences out of 15000+600000
 557937 words of font info for 86 fonts, out of 8000000 for 9000
 81 hyphenation exceptions out of 8191
 54i,18n,67p,864b,1955s stack positions out of 5000i,500n,10000p,200000b,80000s
 </home/tttienthinh/.texlive2019/texmf-var/fonts/pk/ljfour/jknappen/ec/ecsi0600.600pk> </home/tttienthinh/.texlive2019/texmf-var/fonts/pk/ljfour/jknappen/ec/ecsi0500.600pk> </home/tttienthinh/.texlive2019/texmf-var/fonts/pk/ljfour/jknappen/ec/ecss0600.600pk> </home/tttienthinh/.texlive2019/texmf-var/fonts/pk/ljfour/jknappen/ec/ecsi0900.600pk> </home/tttienthinh/.texlive2019/texmf-var/fonts/pk/ljfour/jknappen/ec/tcss1000.600pk> </home/tttienthinh/.texlive2019/texmf-var/fonts/pk/ljfour/jknappen/ec/ecss0800.600pk> </home/tttienthinh/.texlive2019/texmf-var/fonts/pk/ljfour/jknappen/ec/ectt0800.600pk> </home/tttienthinh/.texlive2019/texmf-var/fonts/pk/ljfour/jknappen/ec/ecsi0700.600pk> </home/tttienthinh/.texlive2019/texmf-var/fonts/pk/ljfour/jknappen/ec/ecss0700.600pk> </home/tttienthinh/.texlive2019/texmf-var/fonts/pk/ljfour/jknappen/ec/ecsi1000.600pk> </home/tttienthinh/.texlive2019/texmf-var/fonts/pk/ljfour/jknappen/ec/ecss0900.600pk> </home/tttienthinh/.texlive2019/texmf-var/fonts/pk/ljfour/jknappen/ec/ecss1200.600pk> </home/tttienthinh/.texlive2019/texmf-var/fonts/pk/ljfour/jknappen/ec/ecsx1000.600pk> </home/tttienthinh/.texlive2019/texmf-var/fonts/pk/ljfour/jknappen/ec/ecss0500.600pk> </home/tttienthinh/.texlive2019/texmf-var/fonts/pk/ljfour/jknappen/ec/ecss1000.600pk> </home/tttienthinh/.texlive2019/texmf-var/fonts/pk/ljfour/jknappen/ec/ecss1440.600pk></usr/share/texlive/texmf-dist/fonts/type1/public/amsfonts/cm/cmex10.pfb></usr/share/texlive/texmf-dist/fonts/type1/public/amsfonts/cmextra/cmex7.pfb></usr/share/texlive/texmf-dist/fonts/type1/public/amsfonts/cmextra/cmex9.pfb></usr/share/texlive/texmf-dist/fonts/type1/public/amsfonts/cm/cmmi10.pfb></usr/share/texlive/texmf-dist/fonts/type1/public/amsfonts/cm/cmmi12.pfb></usr/share/texlive/texmf-dist/fonts/type1/public/amsfonts/cm/cmmi9.pfb></usr/share/texlive/texmf-dist/fonts/type1/public/amsfonts/cm/cmss10.pfb></usr/share/texlive/texmf-dist/fonts/type1/public/amsfonts/cm/cmss8.pfb></usr/share/texlive/texmf-dist/fonts/type1/public/amsfonts/cm/cmss9.pfb></usr/share/texlive/texmf-dist/fonts/type1/public/amsfonts/cm/cmsy10.pfb></usr/share/texlive/texmf-dist/fonts/type1/public/amsfonts/cm/cmsy7.pfb></usr/share/texlive/texmf-dist/fonts/type1/public/amsfonts/cm/cmsy9.pfb></usr/share/texlive/texmf-dist/fonts/type1/public/amsfonts/symbols/msam10.pfb></usr/share/texlive/texmf-dist/fonts/type1/public/amsfonts/symbols/msbm10.pfb>
Output written on /home/tttienthinh/Documents/Programmation/4Tipe/Presentation/Beamer/Presentation.pdf (67 pages, 14419627 bytes).
PDF statistics:
 2504 PDF objects out of 2984 (max. 8388607)
 1873 compressed objects within 19 object streams
 143 named destinations out of 1000 (max. 500000)
 334 words of extra memory for PDF output out of 10000 (max. 10000000)

